16:09:11 INFO  : Registering command handlers for SDK TCF services
16:09:15 INFO  : Adding '/home/mitchellorsucci/Xilinx/plnx/tools/hsm/data/embeddedsw' as a new local repository.
16:09:15 INFO  : Result from executing command 'getProjects': 
16:09:15 INFO  : Result from executing command 'getProjects': 
16:09:15 INFO  : Result from executing command 'getProjects': 
16:09:39 INFO  : Result from executing command 'getDefinitions': {assembler-flags={description=Miscellaneous flags for assembler , props=add set}, build-config={values=Debug,Release, description=Get/set build configuration, props=set}, library-search-path={description=Search path for the libraries added, props=add remove}, compiler-misc={description=Compiler miscellaneous flags, props=add set}, define-compiler-symbols={description=Define symbols. Ex. MYSYMBOL, props=add remove}, compiler-optimization={values=None (-O0), Optimize (-O1), Optimize more (-O2), Optimize most (-O3), Optimize for size (-Os), description=Optimization level, props=set}, libraries={description=Libraries to be added while linking, props=add remove}, undef-compiler-symbols={description=Undefine symbols. Ex. MYSYMBOL, props=add remove}, linker-misc={description=Linker miscellaneous flags, props=add set}, include-path={description=Include path for header files, props=add remove}, linker-script={description=Linker script for linking the program sections, props=set}}
16:09:39 INFO  : Result from executing command 'getProjects': fsbl;fsbl_bsp;fsbl_hwproj
16:09:39 INFO  : Result from executing command 'set': null
16:09:39 INFO  : Result from executing command 'getProjects': fsbl;fsbl_bsp;fsbl_hwproj
16:09:39 INFO  : Result from executing command 'getProjects': fsbl;fsbl_bsp;fsbl_hwproj
16:09:39 INFO  : Result from executing command 'getProjects': fsbl;fsbl_bsp;fsbl_hwproj
16:09:39 INFO  : Result from executing command 'getProjects': fsbl;fsbl_bsp;fsbl_hwproj
16:09:39 INFO  : Result from executing command 'getProjects': fsbl;fsbl_bsp;fsbl_hwproj
16:09:40 INFO  : Result from executing command 'getProjects': fsbl;fsbl_bsp;fsbl_hwproj
16:09:40 INFO  : Result from executing command 'getProjects': fsbl;fsbl_bsp;fsbl_hwproj
16:09:40 INFO  : Result from executing command 'getProjects': fsbl;fsbl_bsp;fsbl_hwproj
16:09:40 INFO  : Result from executing command 'getProjects': fsbl;fsbl_bsp;fsbl_hwproj
16:09:40 INFO  : Result from executing command 'getProjects': fsbl;fsbl_bsp;fsbl_hwproj
16:09:40 INFO  : Result from executing command 'getProjects': fsbl;fsbl_bsp;fsbl_hwproj
16:09:40 INFO  : Result from executing command 'getProjects': fsbl;fsbl_bsp;fsbl_hwproj
16:09:40 INFO  : Result from executing command 'getProjects': fsbl;fsbl_bsp;fsbl_hwproj
16:09:40 INFO  : Result from executing command 'getProjects': fsbl;fsbl_bsp;fsbl_hwproj
16:09:40 INFO  : Result from executing command 'getProjects': fsbl;fsbl_bsp;fsbl_hwproj
16:09:40 INFO  : Result from executing command 'getProjects': fsbl;fsbl_bsp;fsbl_hwproj
16:09:40 INFO  : Result from executing command 'getProjects': fsbl;fsbl_bsp;fsbl_hwproj
16:09:40 INFO  : Result from executing command 'getProjects': fsbl;fsbl_bsp;fsbl_hwproj
16:09:40 INFO  : Result from executing command 'getProjects': fsbl;fsbl_bsp;fsbl_hwproj
16:09:40 INFO  : Result from executing command 'getProjects': fsbl;fsbl_bsp;fsbl_hwproj
16:09:40 INFO  : Result from executing command 'getProjects': fsbl;fsbl_bsp;fsbl_hwproj
16:09:52 INFO  : Registering command handlers for SDK TCF services
16:16:58 INFO  : Registering command handlers for SDK TCF services
12:24:41 INFO  : Registering command handlers for SDK TCF services
12:24:49 INFO  : Restoring local repository preferences: 
		 /home/mitchellorsucci/Xilinx/plnx/tools/hsm/data/embeddedsw
12:24:50 INFO  : Result from executing command 'getProjects': fsbl_hwproj
12:24:50 INFO  : Result from executing command 'getProjects': fsbl_bsp
12:24:50 INFO  : Result from executing command 'getProjects': fsbl
12:24:51 INFO  : SDK has detected change in the last modified timestamps for source hardware specification file Source:1502220220000,  Project:1502147210000
12:24:51 INFO  : Copied contents of /home/mitchellorsucci/ptlnproj/overlay/build/tmp/deploy/images/plnx_arm/Xilinx-plnx_arm.hdf into /fsbl_hwproj/system.hdf.
12:24:54 INFO  : Synchronizing projects in the workspace with the hardware platform specification changes.
12:24:58 INFO  : 
12:25:07 INFO  : Updating hardware inferred compiler options for fsbl.
12:25:07 INFO  : Clearing existing target manager status.
12:25:20 INFO  : Workspace synchronized with the new hardware specification file. Cleaning dependent projects...
12:25:21 WARN  : Linker script will not be updated automatically. Users need to update it manually.
12:25:21 INFO  : Result from executing command 'getDefinitions': {assembler-flags={description=Miscellaneous flags for assembler , props=add set}, build-config={values=Debug,Release, description=Get/set build configuration, props=set}, library-search-path={description=Search path for the libraries added, props=add remove}, compiler-misc={description=Compiler miscellaneous flags, props=add set}, define-compiler-symbols={description=Define symbols. Ex. MYSYMBOL, props=add remove}, compiler-optimization={values=None (-O0), Optimize (-O1), Optimize more (-O2), Optimize most (-O3), Optimize for size (-Os), description=Optimization level, props=set}, libraries={description=Libraries to be added while linking, props=add remove}, undef-compiler-symbols={description=Undefine symbols. Ex. MYSYMBOL, props=add remove}, linker-misc={description=Linker miscellaneous flags, props=add set}, include-path={description=Include path for header files, props=add remove}, linker-script={description=Linker script for linking the program sections, props=set}}
12:25:21 INFO  : Result from executing command 'getProjects': fsbl;fsbl_bsp;fsbl_hwproj
12:25:21 INFO  : Result from executing command 'set': null
12:25:21 INFO  : Result from executing command 'getProjects': fsbl;fsbl_bsp;fsbl_hwproj
12:25:21 INFO  : Result from executing command 'getProjects': fsbl;fsbl_bsp;fsbl_hwproj
12:25:21 INFO  : Result from executing command 'getProjects': fsbl;fsbl_bsp;fsbl_hwproj
12:25:21 INFO  : Result from executing command 'getProjects': fsbl;fsbl_bsp;fsbl_hwproj
12:25:21 INFO  : Result from executing command 'getProjects': fsbl;fsbl_bsp;fsbl_hwproj
12:25:21 INFO  : Result from executing command 'getProjects': fsbl;fsbl_bsp;fsbl_hwproj
12:25:21 INFO  : Result from executing command 'getProjects': fsbl;fsbl_bsp;fsbl_hwproj
12:25:21 INFO  : Result from executing command 'getProjects': fsbl;fsbl_bsp;fsbl_hwproj
12:25:22 INFO  : Result from executing command 'getProjects': fsbl;fsbl_bsp;fsbl_hwproj
12:25:22 INFO  : Result from executing command 'getProjects': fsbl;fsbl_bsp;fsbl_hwproj
12:25:22 INFO  : Result from executing command 'getProjects': fsbl;fsbl_bsp;fsbl_hwproj
12:25:22 INFO  : Result from executing command 'getProjects': fsbl;fsbl_bsp;fsbl_hwproj
12:25:22 INFO  : Result from executing command 'getProjects': fsbl;fsbl_bsp;fsbl_hwproj
12:25:22 INFO  : Result from executing command 'getProjects': fsbl;fsbl_bsp;fsbl_hwproj
12:25:22 INFO  : Result from executing command 'getProjects': fsbl;fsbl_bsp;fsbl_hwproj
12:25:22 INFO  : Result from executing command 'getProjects': fsbl;fsbl_bsp;fsbl_hwproj
12:25:23 ERROR : Unexpected error while parsing XMD response ￿: com.google.gson.JsonSyntaxException: com.google.gson.stream.MalformedJsonException: invalid number or unquoted string near 
12:25:41 INFO  : Registering command handlers for SDK TCF services
12:47:41 INFO  : Registering command handlers for SDK TCF services
12:47:48 INFO  : Restoring local repository preferences: 
		 /home/mitchellorsucci/Xilinx/plnx/tools/hsm/data/embeddedsw
12:47:48 INFO  : Result from executing command 'getProjects': fsbl_hwproj
12:47:48 INFO  : Result from executing command 'getProjects': fsbl_bsp
12:47:48 INFO  : Result from executing command 'getProjects': fsbl
12:47:50 INFO  : SDK has detected change in the last modified timestamps for source hardware specification file Source:1502392261000,  Project:1502220220000
12:47:51 INFO  : Copied contents of /home/mitchellorsucci/ptlnproj/overlay/build/tmp/deploy/images/plnx_arm/Xilinx-plnx_arm.hdf into /fsbl_hwproj/system.hdf.
12:47:53 INFO  : Synchronizing projects in the workspace with the hardware platform specification changes.
12:47:57 INFO  : 
12:48:08 INFO  : Updating hardware inferred compiler options for fsbl.
12:48:08 INFO  : Clearing existing target manager status.
12:48:20 INFO  : Workspace synchronized with the new hardware specification file. Cleaning dependent projects...
12:48:24 WARN  : Linker script will not be updated automatically. Users need to update it manually.
12:48:24 INFO  : Result from executing command 'getDefinitions': {assembler-flags={description=Miscellaneous flags for assembler , props=add set}, build-config={values=Debug,Release, description=Get/set build configuration, props=set}, library-search-path={description=Search path for the libraries added, props=add remove}, compiler-misc={description=Compiler miscellaneous flags, props=add set}, define-compiler-symbols={description=Define symbols. Ex. MYSYMBOL, props=add remove}, compiler-optimization={values=None (-O0), Optimize (-O1), Optimize more (-O2), Optimize most (-O3), Optimize for size (-Os), description=Optimization level, props=set}, libraries={description=Libraries to be added while linking, props=add remove}, undef-compiler-symbols={description=Undefine symbols. Ex. MYSYMBOL, props=add remove}, linker-misc={description=Linker miscellaneous flags, props=add set}, include-path={description=Include path for header files, props=add remove}, linker-script={description=Linker script for linking the program sections, props=set}}
12:48:24 INFO  : Result from executing command 'getProjects': fsbl;fsbl_bsp;fsbl_hwproj
12:48:24 INFO  : Result from executing command 'set': null
12:48:24 INFO  : Result from executing command 'getProjects': fsbl;fsbl_bsp;fsbl_hwproj
12:48:24 INFO  : Result from executing command 'getProjects': fsbl;fsbl_bsp;fsbl_hwproj
12:48:24 INFO  : Result from executing command 'getProjects': fsbl;fsbl_bsp;fsbl_hwproj
12:48:24 INFO  : Result from executing command 'getProjects': fsbl;fsbl_bsp;fsbl_hwproj
12:48:24 INFO  : Result from executing command 'getProjects': fsbl;fsbl_bsp;fsbl_hwproj
12:48:24 INFO  : Result from executing command 'getProjects': fsbl;fsbl_bsp;fsbl_hwproj
12:48:24 INFO  : Result from executing command 'getProjects': fsbl;fsbl_bsp;fsbl_hwproj
12:48:24 INFO  : Result from executing command 'getProjects': fsbl;fsbl_bsp;fsbl_hwproj
12:48:25 INFO  : Result from executing command 'getProjects': fsbl;fsbl_bsp;fsbl_hwproj
12:48:25 INFO  : Result from executing command 'getProjects': fsbl;fsbl_bsp;fsbl_hwproj
12:48:25 INFO  : Result from executing command 'getProjects': fsbl;fsbl_bsp;fsbl_hwproj
12:48:25 INFO  : Result from executing command 'getProjects': fsbl;fsbl_bsp;fsbl_hwproj
12:48:25 INFO  : Result from executing command 'getProjects': fsbl;fsbl_bsp;fsbl_hwproj
12:48:25 INFO  : Result from executing command 'getProjects': fsbl;fsbl_bsp;fsbl_hwproj
12:48:25 INFO  : Result from executing command 'getProjects': fsbl;fsbl_bsp;fsbl_hwproj
12:48:25 INFO  : Result from executing command 'getProjects': fsbl;fsbl_bsp;fsbl_hwproj
12:48:25 ERROR : Unexpected error while parsing XMD response ￿: com.google.gson.JsonSyntaxException: com.google.gson.stream.MalformedJsonException: invalid number or unquoted string near 
12:49:54 INFO  : Registering command handlers for SDK TCF services
15:40:57 INFO  : Registering command handlers for SDK TCF services
15:41:00 INFO  : Restoring local repository preferences: 
		 /home/mitchellorsucci/Xilinx/plnx/tools/hsm/data/embeddedsw
15:41:00 INFO  : Result from executing command 'getProjects': fsbl_hwproj
15:41:00 INFO  : Result from executing command 'getProjects': fsbl_bsp
15:41:00 INFO  : Result from executing command 'getProjects': fsbl
15:41:02 INFO  : SDK has detected change in the last modified timestamps for source hardware specification file Source:1502404774000,  Project:1502392261000
15:41:05 INFO  : Copied contents of /home/mitchellorsucci/ptlnproj/overlay/build/tmp/deploy/images/plnx_arm/Xilinx-plnx_arm.hdf into /fsbl_hwproj/system.hdf.
15:41:08 INFO  : Synchronizing projects in the workspace with the hardware platform specification changes.
15:41:15 INFO  : 
15:41:20 INFO  : Updating hardware inferred compiler options for fsbl.
15:41:20 INFO  : Clearing existing target manager status.
15:41:34 INFO  : Workspace synchronized with the new hardware specification file. Cleaning dependent projects...
15:41:37 WARN  : Linker script will not be updated automatically. Users need to update it manually.
15:41:37 INFO  : Result from executing command 'getDefinitions': {assembler-flags={description=Miscellaneous flags for assembler , props=add set}, build-config={values=Debug,Release, description=Get/set build configuration, props=set}, library-search-path={description=Search path for the libraries added, props=add remove}, compiler-misc={description=Compiler miscellaneous flags, props=add set}, define-compiler-symbols={description=Define symbols. Ex. MYSYMBOL, props=add remove}, compiler-optimization={values=None (-O0), Optimize (-O1), Optimize more (-O2), Optimize most (-O3), Optimize for size (-Os), description=Optimization level, props=set}, libraries={description=Libraries to be added while linking, props=add remove}, undef-compiler-symbols={description=Undefine symbols. Ex. MYSYMBOL, props=add remove}, linker-misc={description=Linker miscellaneous flags, props=add set}, include-path={description=Include path for header files, props=add remove}, linker-script={description=Linker script for linking the program sections, props=set}}
15:41:37 INFO  : Result from executing command 'getProjects': fsbl;fsbl_bsp;fsbl_hwproj
15:41:37 INFO  : Result from executing command 'set': null
15:41:37 INFO  : Result from executing command 'getProjects': fsbl;fsbl_bsp;fsbl_hwproj
15:41:37 INFO  : Result from executing command 'getProjects': fsbl;fsbl_bsp;fsbl_hwproj
15:41:37 INFO  : Result from executing command 'getProjects': fsbl;fsbl_bsp;fsbl_hwproj
15:41:37 INFO  : Result from executing command 'getProjects': fsbl;fsbl_bsp;fsbl_hwproj
15:41:37 INFO  : Result from executing command 'getProjects': fsbl;fsbl_bsp;fsbl_hwproj
15:41:37 INFO  : Result from executing command 'getProjects': fsbl;fsbl_bsp;fsbl_hwproj
15:41:37 INFO  : Result from executing command 'getProjects': fsbl;fsbl_bsp;fsbl_hwproj
15:41:38 INFO  : Result from executing command 'getProjects': fsbl;fsbl_bsp;fsbl_hwproj
15:41:46 INFO  : Result from executing command 'getProjects': fsbl;fsbl_bsp;fsbl_hwproj
15:41:46 INFO  : Result from executing command 'getProjects': fsbl;fsbl_bsp;fsbl_hwproj
15:41:46 INFO  : Result from executing command 'getProjects': fsbl;fsbl_bsp;fsbl_hwproj
15:41:46 INFO  : Result from executing command 'getProjects': fsbl;fsbl_bsp;fsbl_hwproj
15:41:46 INFO  : Result from executing command 'getProjects': fsbl;fsbl_bsp;fsbl_hwproj
15:41:46 INFO  : Result from executing command 'getProjects': fsbl;fsbl_bsp;fsbl_hwproj
15:41:46 INFO  : Result from executing command 'getProjects': fsbl;fsbl_bsp;fsbl_hwproj
15:41:46 INFO  : Result from executing command 'getProjects': fsbl;fsbl_bsp;fsbl_hwproj
15:41:47 ERROR : Unexpected error while parsing XMD response ￿: com.google.gson.JsonSyntaxException: com.google.gson.stream.MalformedJsonException: invalid number or unquoted string near 
15:42:10 INFO  : Registering command handlers for SDK TCF services
10:26:30 INFO  : Registering command handlers for SDK TCF services
10:26:47 INFO  : Restoring local repository preferences: 
		 /home/mitchellorsucci/Xilinx/plnx/tools/hsm/data/embeddedsw
10:26:47 INFO  : Result from executing command 'getProjects': fsbl_hwproj
10:26:47 INFO  : Result from executing command 'getProjects': fsbl_bsp
10:26:47 INFO  : Result from executing command 'getProjects': fsbl
10:26:52 INFO  : SDK has detected change in the last modified timestamps for source hardware specification file Source:1502472335000,  Project:1502404774000
10:26:53 INFO  : Copied contents of /home/mitchellorsucci/ptlnproj/overlay/build/tmp/deploy/images/plnx_arm/Xilinx-plnx_arm.hdf into /fsbl_hwproj/system.hdf.
10:26:55 INFO  : Synchronizing projects in the workspace with the hardware platform specification changes.
10:27:00 INFO  : 
10:27:09 INFO  : Updating hardware inferred compiler options for fsbl.
10:27:09 INFO  : Clearing existing target manager status.
10:27:21 INFO  : Workspace synchronized with the new hardware specification file. Cleaning dependent projects...
10:27:22 WARN  : Linker script will not be updated automatically. Users need to update it manually.
10:27:22 INFO  : Result from executing command 'getDefinitions': {assembler-flags={description=Miscellaneous flags for assembler , props=add set}, build-config={values=Debug,Release, description=Get/set build configuration, props=set}, library-search-path={description=Search path for the libraries added, props=add remove}, compiler-misc={description=Compiler miscellaneous flags, props=add set}, define-compiler-symbols={description=Define symbols. Ex. MYSYMBOL, props=add remove}, compiler-optimization={values=None (-O0), Optimize (-O1), Optimize more (-O2), Optimize most (-O3), Optimize for size (-Os), description=Optimization level, props=set}, libraries={description=Libraries to be added while linking, props=add remove}, undef-compiler-symbols={description=Undefine symbols. Ex. MYSYMBOL, props=add remove}, linker-misc={description=Linker miscellaneous flags, props=add set}, include-path={description=Include path for header files, props=add remove}, linker-script={description=Linker script for linking the program sections, props=set}}
10:27:22 INFO  : Result from executing command 'getProjects': fsbl;fsbl_bsp;fsbl_hwproj
10:27:22 INFO  : Result from executing command 'set': null
10:27:22 INFO  : Result from executing command 'getProjects': fsbl;fsbl_bsp;fsbl_hwproj
10:27:22 INFO  : Result from executing command 'getProjects': fsbl;fsbl_bsp;fsbl_hwproj
10:27:22 INFO  : Result from executing command 'getProjects': fsbl;fsbl_bsp;fsbl_hwproj
10:27:22 INFO  : Result from executing command 'getProjects': fsbl;fsbl_bsp;fsbl_hwproj
10:27:22 INFO  : Result from executing command 'getProjects': fsbl;fsbl_bsp;fsbl_hwproj
10:27:22 INFO  : Result from executing command 'getProjects': fsbl;fsbl_bsp;fsbl_hwproj
10:27:22 INFO  : Result from executing command 'getProjects': fsbl;fsbl_bsp;fsbl_hwproj
10:27:22 INFO  : Result from executing command 'getProjects': fsbl;fsbl_bsp;fsbl_hwproj
10:27:22 INFO  : Result from executing command 'getProjects': fsbl;fsbl_bsp;fsbl_hwproj
10:27:22 INFO  : Result from executing command 'getProjects': fsbl;fsbl_bsp;fsbl_hwproj
10:27:22 INFO  : Result from executing command 'getProjects': fsbl;fsbl_bsp;fsbl_hwproj
10:27:22 INFO  : Result from executing command 'getProjects': fsbl;fsbl_bsp;fsbl_hwproj
10:27:22 INFO  : Result from executing command 'getProjects': fsbl;fsbl_bsp;fsbl_hwproj
10:27:22 INFO  : Result from executing command 'getProjects': fsbl;fsbl_bsp;fsbl_hwproj
10:27:22 INFO  : Result from executing command 'getProjects': fsbl;fsbl_bsp;fsbl_hwproj
10:27:22 INFO  : Result from executing command 'getProjects': fsbl;fsbl_bsp;fsbl_hwproj
10:27:23 ERROR : Unexpected error while parsing XMD response ￿: com.google.gson.JsonSyntaxException: com.google.gson.stream.MalformedJsonException: invalid number or unquoted string near 
10:27:59 INFO  : Registering command handlers for SDK TCF services
11:06:56 INFO  : Registering command handlers for SDK TCF services
11:07:00 INFO  : Restoring local repository preferences: 
		 /home/mitchellorsucci/Xilinx/plnx/tools/hsm/data/embeddedsw
11:07:02 INFO  : Result from executing command 'getProjects': fsbl_hwproj
11:07:02 INFO  : Result from executing command 'getProjects': fsbl_bsp
11:07:02 INFO  : Result from executing command 'getProjects': fsbl
11:07:04 INFO  : SDK has detected change in the last modified timestamps for source hardware specification file Source:1502474702000,  Project:1502472335000
11:07:06 INFO  : Copied contents of /home/mitchellorsucci/ptlnproj/overlay/build/tmp/deploy/images/plnx_arm/Xilinx-plnx_arm.hdf into /fsbl_hwproj/system.hdf.
11:07:09 INFO  : Synchronizing projects in the workspace with the hardware platform specification changes.
11:07:10 INFO  : 
11:07:13 INFO  : Updating hardware inferred compiler options for fsbl.
11:07:13 INFO  : Clearing existing target manager status.
11:07:19 INFO  : Workspace synchronized with the new hardware specification file. Cleaning dependent projects...
11:07:21 WARN  : Linker script will not be updated automatically. Users need to update it manually.
11:07:21 INFO  : Result from executing command 'getDefinitions': {assembler-flags={description=Miscellaneous flags for assembler , props=add set}, build-config={values=Debug,Release, description=Get/set build configuration, props=set}, library-search-path={description=Search path for the libraries added, props=add remove}, compiler-misc={description=Compiler miscellaneous flags, props=add set}, define-compiler-symbols={description=Define symbols. Ex. MYSYMBOL, props=add remove}, compiler-optimization={values=None (-O0), Optimize (-O1), Optimize more (-O2), Optimize most (-O3), Optimize for size (-Os), description=Optimization level, props=set}, libraries={description=Libraries to be added while linking, props=add remove}, undef-compiler-symbols={description=Undefine symbols. Ex. MYSYMBOL, props=add remove}, linker-misc={description=Linker miscellaneous flags, props=add set}, include-path={description=Include path for header files, props=add remove}, linker-script={description=Linker script for linking the program sections, props=set}}
11:07:21 INFO  : Result from executing command 'getProjects': fsbl;fsbl_bsp;fsbl_hwproj
11:07:21 INFO  : Result from executing command 'set': null
11:07:21 INFO  : Result from executing command 'getProjects': fsbl;fsbl_bsp;fsbl_hwproj
11:07:21 INFO  : Result from executing command 'getProjects': fsbl;fsbl_bsp;fsbl_hwproj
11:07:21 INFO  : Result from executing command 'getProjects': fsbl;fsbl_bsp;fsbl_hwproj
11:07:21 INFO  : Result from executing command 'getProjects': fsbl;fsbl_bsp;fsbl_hwproj
11:07:21 INFO  : Result from executing command 'getProjects': fsbl;fsbl_bsp;fsbl_hwproj
11:07:21 INFO  : Result from executing command 'getProjects': fsbl;fsbl_bsp;fsbl_hwproj
11:07:21 INFO  : Result from executing command 'getProjects': fsbl;fsbl_bsp;fsbl_hwproj
11:07:21 INFO  : Result from executing command 'getProjects': fsbl;fsbl_bsp;fsbl_hwproj
11:07:21 INFO  : Result from executing command 'getProjects': fsbl;fsbl_bsp;fsbl_hwproj
11:07:21 INFO  : Result from executing command 'getProjects': fsbl;fsbl_bsp;fsbl_hwproj
11:07:21 INFO  : Result from executing command 'getProjects': fsbl;fsbl_bsp;fsbl_hwproj
11:07:21 INFO  : Result from executing command 'getProjects': fsbl;fsbl_bsp;fsbl_hwproj
11:07:21 INFO  : Result from executing command 'getProjects': fsbl;fsbl_bsp;fsbl_hwproj
11:07:21 INFO  : Result from executing command 'getProjects': fsbl;fsbl_bsp;fsbl_hwproj
11:07:21 INFO  : Result from executing command 'getProjects': fsbl;fsbl_bsp;fsbl_hwproj
11:07:21 INFO  : Result from executing command 'getProjects': fsbl;fsbl_bsp;fsbl_hwproj
11:07:21 ERROR : Unexpected error while parsing XMD response ￿: com.google.gson.JsonSyntaxException: com.google.gson.stream.MalformedJsonException: invalid number or unquoted string near 
11:08:33 INFO  : Registering command handlers for SDK TCF services
13:09:37 INFO  : Registering command handlers for SDK TCF services
13:09:38 INFO  : Restoring local repository preferences: 
		 /home/mitchellorsucci/Xilinx/plnx/tools/hsm/data/embeddedsw
13:09:39 INFO  : Result from executing command 'getProjects': fsbl_hwproj
13:09:39 INFO  : Result from executing command 'getProjects': fsbl_bsp
13:09:39 INFO  : Result from executing command 'getProjects': fsbl
13:09:40 INFO  : SDK has detected change in the last modified timestamps for source hardware specification file Source:1502482074000,  Project:1502474702000
13:09:40 INFO  : Copied contents of /home/mitchellorsucci/ptlnproj/overlay/build/tmp/deploy/images/plnx_arm/Xilinx-plnx_arm.hdf into /fsbl_hwproj/system.hdf.
13:09:44 INFO  : Synchronizing projects in the workspace with the hardware platform specification changes.
13:09:45 INFO  : 
13:09:48 INFO  : Updating hardware inferred compiler options for fsbl.
13:09:48 INFO  : Clearing existing target manager status.
13:09:54 INFO  : Workspace synchronized with the new hardware specification file. Cleaning dependent projects...
13:09:55 WARN  : Linker script will not be updated automatically. Users need to update it manually.
13:09:55 INFO  : Result from executing command 'getDefinitions': {assembler-flags={description=Miscellaneous flags for assembler , props=add set}, build-config={values=Debug,Release, description=Get/set build configuration, props=set}, library-search-path={description=Search path for the libraries added, props=add remove}, compiler-misc={description=Compiler miscellaneous flags, props=add set}, define-compiler-symbols={description=Define symbols. Ex. MYSYMBOL, props=add remove}, compiler-optimization={values=None (-O0), Optimize (-O1), Optimize more (-O2), Optimize most (-O3), Optimize for size (-Os), description=Optimization level, props=set}, libraries={description=Libraries to be added while linking, props=add remove}, undef-compiler-symbols={description=Undefine symbols. Ex. MYSYMBOL, props=add remove}, linker-misc={description=Linker miscellaneous flags, props=add set}, include-path={description=Include path for header files, props=add remove}, linker-script={description=Linker script for linking the program sections, props=set}}
13:09:55 INFO  : Result from executing command 'getProjects': fsbl;fsbl_bsp;fsbl_hwproj
13:09:55 INFO  : Result from executing command 'set': null
13:09:55 INFO  : Result from executing command 'getProjects': fsbl;fsbl_bsp;fsbl_hwproj
13:09:55 INFO  : Result from executing command 'getProjects': fsbl;fsbl_bsp;fsbl_hwproj
13:09:55 INFO  : Result from executing command 'getProjects': fsbl;fsbl_bsp;fsbl_hwproj
13:09:55 INFO  : Result from executing command 'getProjects': fsbl;fsbl_bsp;fsbl_hwproj
13:09:55 INFO  : Result from executing command 'getProjects': fsbl;fsbl_bsp;fsbl_hwproj
13:09:55 INFO  : Result from executing command 'getProjects': fsbl;fsbl_bsp;fsbl_hwproj
13:09:55 INFO  : Result from executing command 'getProjects': fsbl;fsbl_bsp;fsbl_hwproj
13:09:55 INFO  : Result from executing command 'getProjects': fsbl;fsbl_bsp;fsbl_hwproj
13:09:55 INFO  : Result from executing command 'getProjects': fsbl;fsbl_bsp;fsbl_hwproj
13:09:55 INFO  : Result from executing command 'getProjects': fsbl;fsbl_bsp;fsbl_hwproj
13:09:55 INFO  : Result from executing command 'getProjects': fsbl;fsbl_bsp;fsbl_hwproj
13:09:55 INFO  : Result from executing command 'getProjects': fsbl;fsbl_bsp;fsbl_hwproj
13:09:55 INFO  : Result from executing command 'getProjects': fsbl;fsbl_bsp;fsbl_hwproj
13:09:55 INFO  : Result from executing command 'getProjects': fsbl;fsbl_bsp;fsbl_hwproj
13:09:55 INFO  : Result from executing command 'getProjects': fsbl;fsbl_bsp;fsbl_hwproj
13:09:56 INFO  : Result from executing command 'getProjects': fsbl;fsbl_bsp;fsbl_hwproj
13:09:56 ERROR : Unexpected error while parsing XMD response ￿: com.google.gson.JsonSyntaxException: com.google.gson.stream.MalformedJsonException: invalid number or unquoted string near 
13:11:06 INFO  : Registering command handlers for SDK TCF services
13:16:38 INFO  : Registering command handlers for SDK TCF services
10:25:03 INFO  : Registering command handlers for SDK TCF services
10:25:12 INFO  : Restoring local repository preferences: 
		 /home/mitchellorsucci/Xilinx/plnx/tools/hsm/data/embeddedsw
10:25:13 INFO  : Result from executing command 'getProjects': fsbl_hwproj
10:25:13 INFO  : Result from executing command 'getProjects': fsbl_bsp
10:25:13 INFO  : Result from executing command 'getProjects': fsbl
10:25:16 INFO  : SDK has detected change in the last modified timestamps for source hardware specification file Source:1502729931000,  Project:1502482074000
10:25:20 INFO  : Copied contents of /home/mitchellorsucci/ptlnproj/overlay/build/tmp/deploy/images/plnx_arm/Xilinx-plnx_arm.hdf into /fsbl_hwproj/system.hdf.
10:25:22 INFO  : Synchronizing projects in the workspace with the hardware platform specification changes.
10:25:23 ERROR : Failed to call sync_sw_with_hw_change
Reason: ERROR: [Common 17-39] 'hsi::open_sw_design' failed due to earlier errors.

10:25:23 ERROR : Error updating BSP project MSS files.
10:25:34 INFO  : Updating hardware inferred compiler options for fsbl.
10:25:34 INFO  : Clearing existing target manager status.
10:25:54 INFO  : Workspace synchronized with the new hardware specification file. Cleaning dependent projects...
10:25:57 WARN  : Linker script will not be updated automatically. Users need to update it manually.
10:25:57 INFO  : Result from executing command 'getDefinitions': {assembler-flags={description=Miscellaneous flags for assembler , props=add set}, build-config={values=Debug,Release, description=Get/set build configuration, props=set}, library-search-path={description=Search path for the libraries added, props=add remove}, compiler-misc={description=Compiler miscellaneous flags, props=add set}, define-compiler-symbols={description=Define symbols. Ex. MYSYMBOL, props=add remove}, compiler-optimization={values=None (-O0), Optimize (-O1), Optimize more (-O2), Optimize most (-O3), Optimize for size (-Os), description=Optimization level, props=set}, libraries={description=Libraries to be added while linking, props=add remove}, undef-compiler-symbols={description=Undefine symbols. Ex. MYSYMBOL, props=add remove}, linker-misc={description=Linker miscellaneous flags, props=add set}, include-path={description=Include path for header files, props=add remove}, linker-script={description=Linker script for linking the program sections, props=set}}
10:25:57 INFO  : Result from executing command 'getProjects': fsbl;fsbl_bsp;fsbl_hwproj
10:25:57 INFO  : Result from executing command 'set': null
10:25:57 INFO  : Result from executing command 'getProjects': fsbl;fsbl_bsp;fsbl_hwproj
10:25:57 INFO  : Result from executing command 'getProjects': fsbl;fsbl_bsp;fsbl_hwproj
10:25:57 INFO  : Result from executing command 'getProjects': fsbl;fsbl_bsp;fsbl_hwproj
10:25:57 INFO  : Result from executing command 'getProjects': fsbl;fsbl_bsp;fsbl_hwproj
10:25:57 INFO  : Result from executing command 'getProjects': fsbl;fsbl_bsp;fsbl_hwproj
10:25:57 INFO  : Result from executing command 'getProjects': fsbl;fsbl_bsp;fsbl_hwproj
10:25:57 ERROR : Unexpected error while parsing XMD response ￿: com.google.gson.JsonSyntaxException: com.google.gson.stream.MalformedJsonException: invalid number or unquoted string near 
10:26:25 INFO  : Registering command handlers for SDK TCF services
09:55:03 INFO  : Registering command handlers for SDK TCF services
09:55:12 INFO  : Restoring local repository preferences: 
		 /home/mitchellorsucci/Xilinx/plnx/tools/hsm/data/embeddedsw
09:55:12 INFO  : Result from executing command 'getProjects': fsbl_hwproj
09:55:12 INFO  : Result from executing command 'getProjects': fsbl_bsp
09:55:12 INFO  : Result from executing command 'getProjects': fsbl
09:55:15 INFO  : SDK has detected change in the last modified timestamps for source hardware specification file Source:1502988099000,  Project:1502729931000
09:55:15 INFO  : Copied contents of /home/mitchellorsucci/ptlnproj/overlay/build/tmp/deploy/images/plnx_arm/Xilinx-plnx_arm.hdf into /fsbl_hwproj/system.hdf.
09:55:19 INFO  : Synchronizing projects in the workspace with the hardware platform specification changes.
09:55:20 ERROR : Failed to call sync_sw_with_hw_change
Reason: ERROR: [Common 17-39] 'hsi::open_sw_design' failed due to earlier errors.

09:55:20 ERROR : Error updating BSP project MSS files.
09:55:25 INFO  : Updating hardware inferred compiler options for fsbl.
09:55:25 INFO  : Clearing existing target manager status.
09:55:32 INFO  : Workspace synchronized with the new hardware specification file. Cleaning dependent projects...
09:55:33 WARN  : Linker script will not be updated automatically. Users need to update it manually.
09:55:33 INFO  : Result from executing command 'getDefinitions': {assembler-flags={description=Miscellaneous flags for assembler , props=add set}, build-config={values=Debug,Release, description=Get/set build configuration, props=set}, library-search-path={description=Search path for the libraries added, props=add remove}, compiler-misc={description=Compiler miscellaneous flags, props=add set}, define-compiler-symbols={description=Define symbols. Ex. MYSYMBOL, props=add remove}, compiler-optimization={values=None (-O0), Optimize (-O1), Optimize more (-O2), Optimize most (-O3), Optimize for size (-Os), description=Optimization level, props=set}, libraries={description=Libraries to be added while linking, props=add remove}, undef-compiler-symbols={description=Undefine symbols. Ex. MYSYMBOL, props=add remove}, linker-misc={description=Linker miscellaneous flags, props=add set}, include-path={description=Include path for header files, props=add remove}, linker-script={description=Linker script for linking the program sections, props=set}}
09:55:33 INFO  : Result from executing command 'getProjects': fsbl;fsbl_bsp;fsbl_hwproj
09:55:34 INFO  : Result from executing command 'set': null
09:55:34 INFO  : Result from executing command 'getProjects': fsbl;fsbl_bsp;fsbl_hwproj
09:55:34 INFO  : Result from executing command 'getProjects': fsbl;fsbl_bsp;fsbl_hwproj
09:55:34 INFO  : Result from executing command 'getProjects': fsbl;fsbl_bsp;fsbl_hwproj
09:55:34 INFO  : Result from executing command 'getProjects': fsbl;fsbl_bsp;fsbl_hwproj
09:55:34 INFO  : Result from executing command 'getProjects': fsbl;fsbl_bsp;fsbl_hwproj
09:55:34 INFO  : Result from executing command 'getProjects': fsbl;fsbl_bsp;fsbl_hwproj
09:55:34 ERROR : Unexpected error while parsing XMD response ￿: com.google.gson.JsonSyntaxException: com.google.gson.stream.MalformedJsonException: invalid number or unquoted string near 
09:56:05 INFO  : Registering command handlers for SDK TCF services
10:53:32 INFO  : Registering command handlers for SDK TCF services
10:53:35 INFO  : Restoring local repository preferences: 
		 /home/mitchellorsucci/Xilinx/plnx/tools/hsm/data/embeddedsw
10:53:36 INFO  : Result from executing command 'getProjects': fsbl_hwproj
10:53:36 INFO  : Result from executing command 'getProjects': fsbl_bsp
10:53:36 INFO  : Result from executing command 'getProjects': fsbl
10:53:39 INFO  : SDK has detected change in the last modified timestamps for source hardware specification file Source:1502992255000,  Project:1502988099000
10:53:39 INFO  : Copied contents of /home/mitchellorsucci/ptlnproj/overlay/build/tmp/deploy/images/plnx_arm/Xilinx-plnx_arm.hdf into /fsbl_hwproj/system.hdf.
10:53:42 INFO  : Synchronizing projects in the workspace with the hardware platform specification changes.
10:53:43 ERROR : Failed to call sync_sw_with_hw_change
Reason: ERROR: [Common 17-39] 'hsi::open_sw_design' failed due to earlier errors.

10:53:43 ERROR : Error updating BSP project MSS files.
10:53:59 INFO  : Updating hardware inferred compiler options for fsbl.
10:53:59 INFO  : Clearing existing target manager status.
10:54:07 INFO  : Workspace synchronized with the new hardware specification file. Cleaning dependent projects...
10:54:09 WARN  : Linker script will not be updated automatically. Users need to update it manually.
10:54:09 INFO  : Result from executing command 'getDefinitions': {assembler-flags={description=Miscellaneous flags for assembler , props=add set}, build-config={values=Debug,Release, description=Get/set build configuration, props=set}, library-search-path={description=Search path for the libraries added, props=add remove}, compiler-misc={description=Compiler miscellaneous flags, props=add set}, define-compiler-symbols={description=Define symbols. Ex. MYSYMBOL, props=add remove}, compiler-optimization={values=None (-O0), Optimize (-O1), Optimize more (-O2), Optimize most (-O3), Optimize for size (-Os), description=Optimization level, props=set}, libraries={description=Libraries to be added while linking, props=add remove}, undef-compiler-symbols={description=Undefine symbols. Ex. MYSYMBOL, props=add remove}, linker-misc={description=Linker miscellaneous flags, props=add set}, include-path={description=Include path for header files, props=add remove}, linker-script={description=Linker script for linking the program sections, props=set}}
10:54:09 INFO  : Result from executing command 'getProjects': fsbl;fsbl_bsp;fsbl_hwproj
10:54:09 INFO  : Result from executing command 'set': null
10:54:09 INFO  : Result from executing command 'getProjects': fsbl;fsbl_bsp;fsbl_hwproj
10:54:09 INFO  : Result from executing command 'getProjects': fsbl;fsbl_bsp;fsbl_hwproj
10:54:09 INFO  : Result from executing command 'getProjects': fsbl;fsbl_bsp;fsbl_hwproj
10:54:09 INFO  : Result from executing command 'getProjects': fsbl;fsbl_bsp;fsbl_hwproj
10:54:09 INFO  : Result from executing command 'getProjects': fsbl;fsbl_bsp;fsbl_hwproj
10:54:09 INFO  : Result from executing command 'getProjects': fsbl;fsbl_bsp;fsbl_hwproj
10:54:09 ERROR : Unexpected error while parsing XMD response ￿: com.google.gson.JsonSyntaxException: com.google.gson.stream.MalformedJsonException: invalid number or unquoted string near 
10:54:34 INFO  : Registering command handlers for SDK TCF services
15:23:12 INFO  : Registering command handlers for SDK TCF services
15:23:18 INFO  : Restoring local repository preferences: 
		 /home/mitchellorsucci/Xilinx/plnx/tools/hsm/data/embeddedsw
15:23:19 INFO  : Result from executing command 'getProjects': fsbl_hwproj
15:23:19 INFO  : Result from executing command 'getProjects': fsbl_bsp
15:23:19 INFO  : Result from executing command 'getProjects': fsbl
15:23:21 INFO  : SDK has detected change in the last modified timestamps for source hardware specification file Source:1503008479000,  Project:1502992255000
15:23:21 INFO  : Copied contents of /home/mitchellorsucci/ptlnproj/overlay/build/tmp/deploy/images/plnx_arm/Xilinx-plnx_arm.hdf into /fsbl_hwproj/system.hdf.
15:23:24 INFO  : Synchronizing projects in the workspace with the hardware platform specification changes.
15:23:25 ERROR : Failed to call sync_sw_with_hw_change
Reason: ERROR: [Common 17-39] 'hsi::open_sw_design' failed due to earlier errors.

15:23:25 ERROR : Error updating BSP project MSS files.
15:23:27 INFO  : Updating hardware inferred compiler options for fsbl.
15:23:27 INFO  : Clearing existing target manager status.
15:23:44 INFO  : Workspace synchronized with the new hardware specification file. Cleaning dependent projects...
15:23:46 WARN  : Linker script will not be updated automatically. Users need to update it manually.
15:23:46 INFO  : Result from executing command 'getDefinitions': {assembler-flags={description=Miscellaneous flags for assembler , props=add set}, build-config={values=Debug,Release, description=Get/set build configuration, props=set}, library-search-path={description=Search path for the libraries added, props=add remove}, compiler-misc={description=Compiler miscellaneous flags, props=add set}, define-compiler-symbols={description=Define symbols. Ex. MYSYMBOL, props=add remove}, compiler-optimization={values=None (-O0), Optimize (-O1), Optimize more (-O2), Optimize most (-O3), Optimize for size (-Os), description=Optimization level, props=set}, libraries={description=Libraries to be added while linking, props=add remove}, undef-compiler-symbols={description=Undefine symbols. Ex. MYSYMBOL, props=add remove}, linker-misc={description=Linker miscellaneous flags, props=add set}, include-path={description=Include path for header files, props=add remove}, linker-script={description=Linker script for linking the program sections, props=set}}
15:23:46 INFO  : Result from executing command 'getProjects': fsbl;fsbl_bsp;fsbl_hwproj
15:23:46 INFO  : Result from executing command 'set': null
15:23:46 INFO  : Result from executing command 'getProjects': fsbl;fsbl_bsp;fsbl_hwproj
15:23:46 INFO  : Result from executing command 'getProjects': fsbl;fsbl_bsp;fsbl_hwproj
15:23:46 INFO  : Result from executing command 'getProjects': fsbl;fsbl_bsp;fsbl_hwproj
15:23:46 INFO  : Result from executing command 'getProjects': fsbl;fsbl_bsp;fsbl_hwproj
15:23:46 INFO  : Result from executing command 'getProjects': fsbl;fsbl_bsp;fsbl_hwproj
15:23:46 INFO  : Result from executing command 'getProjects': fsbl;fsbl_bsp;fsbl_hwproj
15:23:46 ERROR : Unexpected error while parsing XMD response ￿: com.google.gson.JsonSyntaxException: com.google.gson.stream.MalformedJsonException: invalid number or unquoted string near 
15:23:56 INFO  : Registering command handlers for SDK TCF services
12:58:15 INFO  : Registering command handlers for SDK TCF services
12:58:19 INFO  : Restoring local repository preferences: 
		 /home/mitchellorsucci/Xilinx/plnx/tools/hsm/data/embeddedsw
12:58:19 INFO  : Result from executing command 'getProjects': fsbl_hwproj
12:58:19 INFO  : Result from executing command 'getProjects': fsbl_bsp
12:58:19 INFO  : Result from executing command 'getProjects': fsbl
12:58:21 INFO  : SDK has detected change in the last modified timestamps for source hardware specification file Source:1503345437000,  Project:1503008479000
12:58:21 INFO  : Copied contents of /home/mitchellorsucci/ptlnproj/overlay/build/tmp/deploy/images/plnx_arm/Xilinx-plnx_arm.hdf into /fsbl_hwproj/system.hdf.
12:58:23 INFO  : Synchronizing projects in the workspace with the hardware platform specification changes.
12:58:24 ERROR : Failed to call sync_sw_with_hw_change
Reason: ERROR: [Common 17-39] 'hsi::open_sw_design' failed due to earlier errors.

12:58:24 ERROR : Error updating BSP project MSS files.
12:58:25 INFO  : Updating hardware inferred compiler options for fsbl.
12:58:25 INFO  : Clearing existing target manager status.
12:58:31 INFO  : Workspace synchronized with the new hardware specification file. Cleaning dependent projects...
12:58:32 WARN  : Linker script will not be updated automatically. Users need to update it manually.
12:58:32 INFO  : Result from executing command 'getDefinitions': {assembler-flags={description=Miscellaneous flags for assembler , props=add set}, build-config={values=Debug,Release, description=Get/set build configuration, props=set}, library-search-path={description=Search path for the libraries added, props=add remove}, compiler-misc={description=Compiler miscellaneous flags, props=add set}, define-compiler-symbols={description=Define symbols. Ex. MYSYMBOL, props=add remove}, compiler-optimization={values=None (-O0), Optimize (-O1), Optimize more (-O2), Optimize most (-O3), Optimize for size (-Os), description=Optimization level, props=set}, libraries={description=Libraries to be added while linking, props=add remove}, undef-compiler-symbols={description=Undefine symbols. Ex. MYSYMBOL, props=add remove}, linker-misc={description=Linker miscellaneous flags, props=add set}, include-path={description=Include path for header files, props=add remove}, linker-script={description=Linker script for linking the program sections, props=set}}
12:58:32 INFO  : Result from executing command 'getProjects': fsbl;fsbl_bsp;fsbl_hwproj
12:58:32 INFO  : Result from executing command 'set': null
12:58:32 INFO  : Result from executing command 'getProjects': fsbl;fsbl_bsp;fsbl_hwproj
12:58:32 INFO  : Result from executing command 'getProjects': fsbl;fsbl_bsp;fsbl_hwproj
12:58:32 INFO  : Result from executing command 'getProjects': fsbl;fsbl_bsp;fsbl_hwproj
12:58:32 INFO  : Result from executing command 'getProjects': fsbl;fsbl_bsp;fsbl_hwproj
12:58:32 INFO  : Result from executing command 'getProjects': fsbl;fsbl_bsp;fsbl_hwproj
12:58:32 INFO  : Result from executing command 'getProjects': fsbl;fsbl_bsp;fsbl_hwproj
12:58:32 ERROR : Unexpected error while parsing XMD response ￿: com.google.gson.JsonSyntaxException: com.google.gson.stream.MalformedJsonException: invalid number or unquoted string near 
12:58:40 INFO  : Registering command handlers for SDK TCF services
14:53:29 INFO  : Registering command handlers for SDK TCF services
14:53:32 INFO  : Restoring local repository preferences: 
		 /home/mitchellorsucci/Xilinx/plnx/tools/hsm/data/embeddedsw
14:53:33 INFO  : Result from executing command 'getProjects': fsbl_hwproj
14:53:33 INFO  : Result from executing command 'getProjects': fsbl_bsp
14:53:33 INFO  : Result from executing command 'getProjects': fsbl
14:53:35 INFO  : SDK has detected change in the last modified timestamps for source hardware specification file Source:1503352321000,  Project:1503345437000
14:53:35 INFO  : Copied contents of /home/mitchellorsucci/ptlnproj/overlay/build/tmp/deploy/images/plnx_arm/Xilinx-plnx_arm.hdf into /fsbl_hwproj/system.hdf.
14:53:38 INFO  : Synchronizing projects in the workspace with the hardware platform specification changes.
14:53:39 ERROR : Failed to call sync_sw_with_hw_change
Reason: ERROR: [Common 17-39] 'hsi::open_sw_design' failed due to earlier errors.

14:53:39 ERROR : Error updating BSP project MSS files.
14:53:42 INFO  : Updating hardware inferred compiler options for fsbl.
14:53:42 INFO  : Clearing existing target manager status.
14:53:51 INFO  : Workspace synchronized with the new hardware specification file. Cleaning dependent projects...
14:53:52 WARN  : Linker script will not be updated automatically. Users need to update it manually.
14:53:52 INFO  : Result from executing command 'getDefinitions': {assembler-flags={description=Miscellaneous flags for assembler , props=add set}, build-config={values=Debug,Release, description=Get/set build configuration, props=set}, library-search-path={description=Search path for the libraries added, props=add remove}, compiler-misc={description=Compiler miscellaneous flags, props=add set}, define-compiler-symbols={description=Define symbols. Ex. MYSYMBOL, props=add remove}, compiler-optimization={values=None (-O0), Optimize (-O1), Optimize more (-O2), Optimize most (-O3), Optimize for size (-Os), description=Optimization level, props=set}, libraries={description=Libraries to be added while linking, props=add remove}, undef-compiler-symbols={description=Undefine symbols. Ex. MYSYMBOL, props=add remove}, linker-misc={description=Linker miscellaneous flags, props=add set}, include-path={description=Include path for header files, props=add remove}, linker-script={description=Linker script for linking the program sections, props=set}}
14:53:52 INFO  : Result from executing command 'getProjects': fsbl;fsbl_bsp;fsbl_hwproj
14:53:52 INFO  : Result from executing command 'set': null
14:53:53 INFO  : Result from executing command 'getProjects': fsbl;fsbl_bsp;fsbl_hwproj
14:53:53 INFO  : Result from executing command 'getProjects': fsbl;fsbl_bsp;fsbl_hwproj
14:53:53 INFO  : Result from executing command 'getProjects': fsbl;fsbl_bsp;fsbl_hwproj
14:53:53 INFO  : Result from executing command 'getProjects': fsbl;fsbl_bsp;fsbl_hwproj
14:53:53 INFO  : Result from executing command 'getProjects': fsbl;fsbl_bsp;fsbl_hwproj
14:53:53 INFO  : Result from executing command 'getProjects': fsbl;fsbl_bsp;fsbl_hwproj
14:53:53 ERROR : Unexpected error while parsing XMD response ￿: com.google.gson.JsonSyntaxException: com.google.gson.stream.MalformedJsonException: invalid number or unquoted string near 
14:54:12 INFO  : Registering command handlers for SDK TCF services
13:15:38 INFO  : Registering command handlers for SDK TCF services
13:15:40 INFO  : Restoring local repository preferences: 
		 /home/mitchellorsucci/Xilinx/plnx/tools/hsm/data/embeddedsw
13:15:40 INFO  : Result from executing command 'getProjects': fsbl_hwproj
13:15:40 INFO  : Result from executing command 'getProjects': fsbl_bsp
13:15:40 INFO  : Result from executing command 'getProjects': fsbl
13:15:42 INFO  : SDK has detected change in the last modified timestamps for source hardware specification file Source:1503432829000,  Project:1503352321000
13:15:42 INFO  : Copied contents of /home/mitchellorsucci/ptlnproj/overlay/build/tmp/deploy/images/plnx_arm/Xilinx-plnx_arm.hdf into /fsbl_hwproj/system.hdf.
13:15:45 INFO  : Synchronizing projects in the workspace with the hardware platform specification changes.
13:15:46 ERROR : Failed to call sync_sw_with_hw_change
Reason: ERROR: [Common 17-39] 'hsi::open_sw_design' failed due to earlier errors.

13:15:46 ERROR : Error updating BSP project MSS files.
13:15:48 INFO  : Updating hardware inferred compiler options for fsbl.
13:15:48 INFO  : Clearing existing target manager status.
13:15:55 INFO  : Workspace synchronized with the new hardware specification file. Cleaning dependent projects...
13:15:56 WARN  : Linker script will not be updated automatically. Users need to update it manually.
13:15:56 INFO  : Result from executing command 'getDefinitions': {assembler-flags={description=Miscellaneous flags for assembler , props=add set}, build-config={values=Debug,Release, description=Get/set build configuration, props=set}, library-search-path={description=Search path for the libraries added, props=add remove}, compiler-misc={description=Compiler miscellaneous flags, props=add set}, define-compiler-symbols={description=Define symbols. Ex. MYSYMBOL, props=add remove}, compiler-optimization={values=None (-O0), Optimize (-O1), Optimize more (-O2), Optimize most (-O3), Optimize for size (-Os), description=Optimization level, props=set}, libraries={description=Libraries to be added while linking, props=add remove}, undef-compiler-symbols={description=Undefine symbols. Ex. MYSYMBOL, props=add remove}, linker-misc={description=Linker miscellaneous flags, props=add set}, include-path={description=Include path for header files, props=add remove}, linker-script={description=Linker script for linking the program sections, props=set}}
13:15:56 INFO  : Result from executing command 'getProjects': fsbl;fsbl_bsp;fsbl_hwproj
13:15:56 INFO  : Result from executing command 'set': null
13:15:56 INFO  : Result from executing command 'getProjects': fsbl;fsbl_bsp;fsbl_hwproj
13:15:56 INFO  : Result from executing command 'getProjects': fsbl;fsbl_bsp;fsbl_hwproj
13:15:56 INFO  : Result from executing command 'getProjects': fsbl;fsbl_bsp;fsbl_hwproj
13:15:57 INFO  : Result from executing command 'getProjects': fsbl;fsbl_bsp;fsbl_hwproj
13:15:57 INFO  : Result from executing command 'getProjects': fsbl;fsbl_bsp;fsbl_hwproj
13:15:57 INFO  : Result from executing command 'getProjects': fsbl;fsbl_bsp;fsbl_hwproj
13:15:57 ERROR : Unexpected error while parsing XMD response ￿: com.google.gson.JsonSyntaxException: com.google.gson.stream.MalformedJsonException: invalid number or unquoted string near 
13:16:07 INFO  : Registering command handlers for SDK TCF services
09:37:20 INFO  : Registering command handlers for SDK TCF services
09:37:26 INFO  : Restoring local repository preferences: 
		 /home/mitchellorsucci/Xilinx/plnx/tools/hsm/data/embeddedsw
09:37:27 INFO  : Result from executing command 'getProjects': fsbl_hwproj
09:37:27 INFO  : Result from executing command 'getProjects': fsbl_bsp
09:37:27 INFO  : Result from executing command 'getProjects': fsbl
09:37:42 INFO  : SDK has detected change in the last modified timestamps for source hardware specification file Source:1503678966000,  Project:1503432829000
09:38:29 INFO  : Copied contents of /home/mitchellorsucci/ptlnproj/overlay/build/tmp/deploy/images/plnx_arm/Xilinx-plnx_arm.hdf into /fsbl_hwproj/system.hdf.
09:38:50 INFO  : Synchronizing projects in the workspace with the hardware platform specification changes.
09:38:52 ERROR : Failed to call sync_sw_with_hw_change
Reason: ERROR: [Common 17-39] 'hsi::open_sw_design' failed due to earlier errors.

09:38:52 ERROR : Error updating BSP project MSS files.
09:39:16 INFO  : Updating hardware inferred compiler options for fsbl.
09:39:16 INFO  : Clearing existing target manager status.
09:39:39 INFO  : Workspace synchronized with the new hardware specification file. Cleaning dependent projects...
09:40:02 WARN  : Linker script will not be updated automatically. Users need to update it manually.
09:40:03 INFO  : Result from executing command 'getDefinitions': {assembler-flags={description=Miscellaneous flags for assembler , props=add set}, build-config={values=Debug,Release, description=Get/set build configuration, props=set}, library-search-path={description=Search path for the libraries added, props=add remove}, compiler-misc={description=Compiler miscellaneous flags, props=add set}, define-compiler-symbols={description=Define symbols. Ex. MYSYMBOL, props=add remove}, compiler-optimization={values=None (-O0), Optimize (-O1), Optimize more (-O2), Optimize most (-O3), Optimize for size (-Os), description=Optimization level, props=set}, libraries={description=Libraries to be added while linking, props=add remove}, undef-compiler-symbols={description=Undefine symbols. Ex. MYSYMBOL, props=add remove}, linker-misc={description=Linker miscellaneous flags, props=add set}, include-path={description=Include path for header files, props=add remove}, linker-script={description=Linker script for linking the program sections, props=set}}
09:40:03 INFO  : Result from executing command 'getProjects': fsbl;fsbl_bsp;fsbl_hwproj
09:40:03 INFO  : Result from executing command 'set': null
09:40:03 INFO  : Result from executing command 'getProjects': fsbl;fsbl_bsp;fsbl_hwproj
09:40:03 INFO  : Result from executing command 'getProjects': fsbl;fsbl_bsp;fsbl_hwproj
09:40:03 INFO  : Result from executing command 'getProjects': fsbl;fsbl_bsp;fsbl_hwproj
09:40:03 INFO  : Result from executing command 'getProjects': fsbl;fsbl_bsp;fsbl_hwproj
09:40:03 INFO  : Result from executing command 'getProjects': fsbl;fsbl_bsp;fsbl_hwproj
09:40:03 INFO  : Result from executing command 'getProjects': fsbl;fsbl_bsp;fsbl_hwproj
09:40:03 ERROR : Unexpected error while parsing XMD response ￿: com.google.gson.JsonSyntaxException: com.google.gson.stream.MalformedJsonException: invalid number or unquoted string near 
09:40:32 INFO  : Registering command handlers for SDK TCF services
11:05:06 INFO  : Registering command handlers for SDK TCF services
11:05:08 INFO  : Restoring local repository preferences: 
		 /home/mitchellorsucci/Xilinx/plnx/tools/hsm/data/embeddedsw
11:05:09 INFO  : Result from executing command 'getProjects': fsbl_hwproj
11:05:09 INFO  : Result from executing command 'getProjects': fsbl_bsp
11:05:09 INFO  : Result from executing command 'getProjects': fsbl
11:05:12 INFO  : SDK has detected change in the last modified timestamps for source hardware specification file Source:1503684252000,  Project:1503678966000
11:05:12 INFO  : Copied contents of /home/mitchellorsucci/ptlnproj/overlay/build/tmp/deploy/images/plnx_arm/Xilinx-plnx_arm.hdf into /fsbl_hwproj/system.hdf.
11:05:15 INFO  : Synchronizing projects in the workspace with the hardware platform specification changes.
11:05:15 ERROR : Failed to call sync_sw_with_hw_change
Reason: ERROR: [Common 17-39] 'hsi::open_sw_design' failed due to earlier errors.

11:05:15 ERROR : Error updating BSP project MSS files.
11:05:18 INFO  : Updating hardware inferred compiler options for fsbl.
11:05:18 INFO  : Clearing existing target manager status.
11:05:24 INFO  : Workspace synchronized with the new hardware specification file. Cleaning dependent projects...
11:05:25 WARN  : Linker script will not be updated automatically. Users need to update it manually.
11:05:25 INFO  : Result from executing command 'getDefinitions': {assembler-flags={description=Miscellaneous flags for assembler , props=add set}, build-config={values=Debug,Release, description=Get/set build configuration, props=set}, library-search-path={description=Search path for the libraries added, props=add remove}, compiler-misc={description=Compiler miscellaneous flags, props=add set}, define-compiler-symbols={description=Define symbols. Ex. MYSYMBOL, props=add remove}, compiler-optimization={values=None (-O0), Optimize (-O1), Optimize more (-O2), Optimize most (-O3), Optimize for size (-Os), description=Optimization level, props=set}, libraries={description=Libraries to be added while linking, props=add remove}, undef-compiler-symbols={description=Undefine symbols. Ex. MYSYMBOL, props=add remove}, linker-misc={description=Linker miscellaneous flags, props=add set}, include-path={description=Include path for header files, props=add remove}, linker-script={description=Linker script for linking the program sections, props=set}}
11:05:25 INFO  : Result from executing command 'getProjects': fsbl;fsbl_bsp;fsbl_hwproj
11:05:25 INFO  : Result from executing command 'set': null
11:05:25 INFO  : Result from executing command 'getProjects': fsbl;fsbl_bsp;fsbl_hwproj
11:05:25 INFO  : Result from executing command 'getProjects': fsbl;fsbl_bsp;fsbl_hwproj
11:05:25 INFO  : Result from executing command 'getProjects': fsbl;fsbl_bsp;fsbl_hwproj
11:05:25 INFO  : Result from executing command 'getProjects': fsbl;fsbl_bsp;fsbl_hwproj
11:05:25 INFO  : Result from executing command 'getProjects': fsbl;fsbl_bsp;fsbl_hwproj
11:05:25 INFO  : Result from executing command 'getProjects': fsbl;fsbl_bsp;fsbl_hwproj
11:05:25 ERROR : Unexpected error while parsing XMD response ￿: com.google.gson.JsonSyntaxException: com.google.gson.stream.MalformedJsonException: invalid number or unquoted string near 
11:05:34 INFO  : Registering command handlers for SDK TCF services
08:56:20 INFO  : Registering command handlers for SDK TCF services
08:56:30 INFO  : Restoring local repository preferences: 
		 /home/mitchellorsucci/Xilinx/plnx/tools/hsm/data/embeddedsw
08:56:31 INFO  : Result from executing command 'getProjects': fsbl_hwproj
08:56:31 INFO  : Result from executing command 'getProjects': fsbl_bsp
08:56:31 INFO  : Result from executing command 'getProjects': fsbl
08:56:33 INFO  : SDK has detected change in the last modified timestamps for source hardware specification file Source:1504108506000,  Project:1503684252000
08:56:33 INFO  : Copied contents of /home/mitchellorsucci/ptlnproj/overlay/build/tmp/deploy/images/plnx_arm/Xilinx-plnx_arm.hdf into /fsbl_hwproj/system.hdf.
08:56:36 INFO  : Synchronizing projects in the workspace with the hardware platform specification changes.
08:56:36 ERROR : Failed to call sync_sw_with_hw_change
Reason: ERROR: [Common 17-39] 'hsi::open_sw_design' failed due to earlier errors.

08:56:36 ERROR : Error updating BSP project MSS files.
08:56:49 INFO  : Updating hardware inferred compiler options for fsbl.
08:56:49 INFO  : Clearing existing target manager status.
08:57:02 INFO  : Workspace synchronized with the new hardware specification file. Cleaning dependent projects...
08:57:08 WARN  : Linker script will not be updated automatically. Users need to update it manually.
08:57:08 INFO  : Result from executing command 'getDefinitions': {assembler-flags={description=Miscellaneous flags for assembler , props=add set}, build-config={values=Debug,Release, description=Get/set build configuration, props=set}, library-search-path={description=Search path for the libraries added, props=add remove}, compiler-misc={description=Compiler miscellaneous flags, props=add set}, define-compiler-symbols={description=Define symbols. Ex. MYSYMBOL, props=add remove}, compiler-optimization={values=None (-O0), Optimize (-O1), Optimize more (-O2), Optimize most (-O3), Optimize for size (-Os), description=Optimization level, props=set}, libraries={description=Libraries to be added while linking, props=add remove}, undef-compiler-symbols={description=Undefine symbols. Ex. MYSYMBOL, props=add remove}, linker-misc={description=Linker miscellaneous flags, props=add set}, include-path={description=Include path for header files, props=add remove}, linker-script={description=Linker script for linking the program sections, props=set}}
08:57:08 INFO  : Result from executing command 'getProjects': fsbl;fsbl_bsp;fsbl_hwproj
08:57:08 INFO  : Result from executing command 'set': null
08:57:08 INFO  : Result from executing command 'getProjects': fsbl;fsbl_bsp;fsbl_hwproj
08:57:08 INFO  : Result from executing command 'getProjects': fsbl;fsbl_bsp;fsbl_hwproj
08:57:08 INFO  : Result from executing command 'getProjects': fsbl;fsbl_bsp;fsbl_hwproj
08:57:08 INFO  : Result from executing command 'getProjects': fsbl;fsbl_bsp;fsbl_hwproj
08:57:08 INFO  : Result from executing command 'getProjects': fsbl;fsbl_bsp;fsbl_hwproj
08:57:08 INFO  : Result from executing command 'getProjects': fsbl;fsbl_bsp;fsbl_hwproj
08:57:09 ERROR : Unexpected error while parsing XMD response ￿: com.google.gson.JsonSyntaxException: com.google.gson.stream.MalformedJsonException: invalid number or unquoted string near 
08:57:36 INFO  : Registering command handlers for SDK TCF services
12:42:58 INFO  : Registering command handlers for SDK TCF services
12:43:03 INFO  : Restoring local repository preferences: 
		 /home/mitchellorsucci/Xilinx/plnx/tools/hsm/data/embeddedsw
12:43:03 INFO  : Result from executing command 'getProjects': fsbl_hwproj
12:43:03 INFO  : Result from executing command 'getProjects': fsbl_bsp
12:43:03 INFO  : Result from executing command 'getProjects': fsbl
12:43:05 INFO  : SDK has detected change in the last modified timestamps for source hardware specification file Source:1504208483000,  Project:1504108506000
12:43:05 INFO  : Copied contents of /home/mitchellorsucci/ptlnproj/overlay/build/tmp/deploy/images/plnx_arm/Xilinx-plnx_arm.hdf into /fsbl_hwproj/system.hdf.
12:43:08 INFO  : Synchronizing projects in the workspace with the hardware platform specification changes.
12:43:08 ERROR : Failed to call sync_sw_with_hw_change
Reason: ERROR: [Common 17-39] 'hsi::open_sw_design' failed due to earlier errors.

12:43:08 ERROR : Error updating BSP project MSS files.
12:43:20 INFO  : Updating hardware inferred compiler options for fsbl.
12:43:20 INFO  : Clearing existing target manager status.
12:43:38 INFO  : Workspace synchronized with the new hardware specification file. Cleaning dependent projects...
12:43:42 WARN  : Linker script will not be updated automatically. Users need to update it manually.
12:43:43 INFO  : Result from executing command 'getDefinitions': {assembler-flags={description=Miscellaneous flags for assembler , props=add set}, build-config={values=Debug,Release, description=Get/set build configuration, props=set}, library-search-path={description=Search path for the libraries added, props=add remove}, compiler-misc={description=Compiler miscellaneous flags, props=add set}, define-compiler-symbols={description=Define symbols. Ex. MYSYMBOL, props=add remove}, compiler-optimization={values=None (-O0), Optimize (-O1), Optimize more (-O2), Optimize most (-O3), Optimize for size (-Os), description=Optimization level, props=set}, libraries={description=Libraries to be added while linking, props=add remove}, undef-compiler-symbols={description=Undefine symbols. Ex. MYSYMBOL, props=add remove}, linker-misc={description=Linker miscellaneous flags, props=add set}, include-path={description=Include path for header files, props=add remove}, linker-script={description=Linker script for linking the program sections, props=set}}
12:43:43 INFO  : Result from executing command 'getProjects': fsbl;fsbl_bsp;fsbl_hwproj
12:43:43 INFO  : Result from executing command 'set': null
12:43:43 INFO  : Result from executing command 'getProjects': fsbl;fsbl_bsp;fsbl_hwproj
12:43:43 INFO  : Result from executing command 'getProjects': fsbl;fsbl_bsp;fsbl_hwproj
12:43:43 INFO  : Result from executing command 'getProjects': fsbl;fsbl_bsp;fsbl_hwproj
12:43:43 INFO  : Result from executing command 'getProjects': fsbl;fsbl_bsp;fsbl_hwproj
12:43:43 INFO  : Result from executing command 'getProjects': fsbl;fsbl_bsp;fsbl_hwproj
12:43:43 INFO  : Result from executing command 'getProjects': fsbl;fsbl_bsp;fsbl_hwproj
12:43:43 ERROR : Unexpected error while parsing XMD response ￿: com.google.gson.JsonSyntaxException: com.google.gson.stream.MalformedJsonException: invalid number or unquoted string near 
12:44:06 INFO  : Registering command handlers for SDK TCF services
08:03:44 INFO  : Registering command handlers for SDK TCF services
08:03:50 INFO  : Restoring local repository preferences: 
		 /home/mitchellorsucci/Xilinx/plnx/tools/hsm/data/embeddedsw
08:03:50 INFO  : Result from executing command 'getProjects': fsbl_hwproj
08:03:50 INFO  : Result from executing command 'getProjects': fsbl_bsp
08:03:50 INFO  : Result from executing command 'getProjects': fsbl
08:03:52 INFO  : SDK has detected change in the last modified timestamps for source hardware specification file Source:1504622133000,  Project:1504208483000
08:03:55 INFO  : Copied contents of /home/mitchellorsucci/ptlnproj/overlay/build/tmp/deploy/images/plnx_arm/Xilinx-plnx_arm.hdf into /fsbl_hwproj/system.hdf.
08:03:58 INFO  : Synchronizing projects in the workspace with the hardware platform specification changes.
08:03:58 ERROR : Failed to call sync_sw_with_hw_change
Reason: ERROR: [Common 17-39] 'hsi::open_sw_design' failed due to earlier errors.

08:03:58 ERROR : Error updating BSP project MSS files.
08:04:01 INFO  : Updating hardware inferred compiler options for fsbl.
08:04:01 INFO  : Clearing existing target manager status.
08:04:09 INFO  : Workspace synchronized with the new hardware specification file. Cleaning dependent projects...
08:04:10 WARN  : Linker script will not be updated automatically. Users need to update it manually.
08:04:10 INFO  : Result from executing command 'getDefinitions': {assembler-flags={description=Miscellaneous flags for assembler , props=add set}, build-config={values=Debug,Release, description=Get/set build configuration, props=set}, library-search-path={description=Search path for the libraries added, props=add remove}, compiler-misc={description=Compiler miscellaneous flags, props=add set}, define-compiler-symbols={description=Define symbols. Ex. MYSYMBOL, props=add remove}, compiler-optimization={values=None (-O0), Optimize (-O1), Optimize more (-O2), Optimize most (-O3), Optimize for size (-Os), description=Optimization level, props=set}, libraries={description=Libraries to be added while linking, props=add remove}, undef-compiler-symbols={description=Undefine symbols. Ex. MYSYMBOL, props=add remove}, linker-misc={description=Linker miscellaneous flags, props=add set}, include-path={description=Include path for header files, props=add remove}, linker-script={description=Linker script for linking the program sections, props=set}}
08:04:10 INFO  : Result from executing command 'getProjects': fsbl;fsbl_bsp;fsbl_hwproj
08:04:10 INFO  : Result from executing command 'set': null
08:04:10 INFO  : Result from executing command 'getProjects': fsbl;fsbl_bsp;fsbl_hwproj
08:04:10 INFO  : Result from executing command 'getProjects': fsbl;fsbl_bsp;fsbl_hwproj
08:04:10 INFO  : Result from executing command 'getProjects': fsbl;fsbl_bsp;fsbl_hwproj
08:04:10 INFO  : Result from executing command 'getProjects': fsbl;fsbl_bsp;fsbl_hwproj
08:04:10 INFO  : Result from executing command 'getProjects': fsbl;fsbl_bsp;fsbl_hwproj
08:04:10 INFO  : Result from executing command 'getProjects': fsbl;fsbl_bsp;fsbl_hwproj
08:04:11 ERROR : Unexpected error while parsing XMD response ￿: com.google.gson.JsonSyntaxException: com.google.gson.stream.MalformedJsonException: invalid number or unquoted string near 
08:04:41 INFO  : Registering command handlers for SDK TCF services
09:55:37 INFO  : Registering command handlers for SDK TCF services
09:55:49 INFO  : Restoring local repository preferences: 
		 /home/mitchellorsucci/Xilinx/plnx/tools/hsm/data/embeddedsw
09:55:49 INFO  : Result from executing command 'getProjects': fsbl_hwproj
09:55:49 INFO  : Result from executing command 'getProjects': fsbl_bsp
09:55:49 INFO  : Result from executing command 'getProjects': fsbl
09:55:51 INFO  : SDK has detected change in the last modified timestamps for source hardware specification file Source:1504630478000,  Project:1504622133000
09:55:51 INFO  : Copied contents of /home/mitchellorsucci/ptlnproj/overlay/build/tmp/deploy/images/plnx_arm/Xilinx-plnx_arm.hdf into /fsbl_hwproj/system.hdf.
09:55:54 INFO  : Synchronizing projects in the workspace with the hardware platform specification changes.
09:55:55 ERROR : Failed to call sync_sw_with_hw_change
Reason: ERROR: [Common 17-39] 'hsi::open_sw_design' failed due to earlier errors.

09:55:55 ERROR : Error updating BSP project MSS files.
09:56:10 INFO  : Updating hardware inferred compiler options for fsbl.
09:56:10 INFO  : Clearing existing target manager status.
09:56:29 INFO  : Workspace synchronized with the new hardware specification file. Cleaning dependent projects...
09:56:33 WARN  : Linker script will not be updated automatically. Users need to update it manually.
09:56:34 INFO  : Result from executing command 'getDefinitions': {assembler-flags={description=Miscellaneous flags for assembler , props=add set}, build-config={values=Debug,Release, description=Get/set build configuration, props=set}, library-search-path={description=Search path for the libraries added, props=add remove}, compiler-misc={description=Compiler miscellaneous flags, props=add set}, define-compiler-symbols={description=Define symbols. Ex. MYSYMBOL, props=add remove}, compiler-optimization={values=None (-O0), Optimize (-O1), Optimize more (-O2), Optimize most (-O3), Optimize for size (-Os), description=Optimization level, props=set}, libraries={description=Libraries to be added while linking, props=add remove}, undef-compiler-symbols={description=Undefine symbols. Ex. MYSYMBOL, props=add remove}, linker-misc={description=Linker miscellaneous flags, props=add set}, include-path={description=Include path for header files, props=add remove}, linker-script={description=Linker script for linking the program sections, props=set}}
09:56:34 INFO  : Result from executing command 'getProjects': fsbl;fsbl_bsp;fsbl_hwproj
09:56:34 INFO  : Result from executing command 'set': null
09:56:34 INFO  : Result from executing command 'getProjects': fsbl;fsbl_bsp;fsbl_hwproj
09:56:34 INFO  : Result from executing command 'getProjects': fsbl;fsbl_bsp;fsbl_hwproj
09:56:34 INFO  : Result from executing command 'getProjects': fsbl;fsbl_bsp;fsbl_hwproj
09:56:34 INFO  : Result from executing command 'getProjects': fsbl;fsbl_bsp;fsbl_hwproj
09:56:34 INFO  : Result from executing command 'getProjects': fsbl;fsbl_bsp;fsbl_hwproj
09:56:34 INFO  : Result from executing command 'getProjects': fsbl;fsbl_bsp;fsbl_hwproj
09:56:35 ERROR : Unexpected error while parsing XMD response ￿: com.google.gson.JsonSyntaxException: com.google.gson.stream.MalformedJsonException: invalid number or unquoted string near 
09:57:00 INFO  : Registering command handlers for SDK TCF services
